{"timestamp":"2024-08-17T15:18:57.407Z","method":"GET","url":"/api/v1/user/activity","username":"Unknown User","body":{}}
{"timestamp":"2024-08-17T15:19:00.867Z","method":"POST","url":"/api/v1/user/login","username":"Unknown User","body":{"email":"random@gmail.com","password":"Random@123"}}
{"timestamp":"2024-08-17T15:19:01.294Z","method":"POST","url":"/api/v1/user/getUserData","userId":"66c0be6381efe6085b0cac08","username":"random","body":{"token":"eyJhbGciOiJIUzI1NiIsInR5cCI6IkpXVCJ9.eyJpZCI6IjY2YzBiZTYzODFlZmU2MDg1YjBjYWMwOCIsImlhdCI6MTcyMzkwNzk0MCwiZXhwIjoxNzIzOTk0MzQwfQ.r8e3dmiPlzZOjG622ay7ZUIYazy0xcmey8Pogh_n63w","userId":"66c0be6381efe6085b0cac08"}}
{"timestamp":"2024-08-17T15:19:01.295Z","method":"POST","url":"/api/v1/user/getUserData","userId":"66c0be6381efe6085b0cac08","username":"random","body":{"token":"eyJhbGciOiJIUzI1NiIsInR5cCI6IkpXVCJ9.eyJpZCI6IjY2YzBiZTYzODFlZmU2MDg1YjBjYWMwOCIsImlhdCI6MTcyMzkwNzk0MCwiZXhwIjoxNzIzOTk0MzQwfQ.r8e3dmiPlzZOjG622ay7ZUIYazy0xcmey8Pogh_n63w","userId":"66c0be6381efe6085b0cac08"}}
{"timestamp":"2024-08-17T15:19:01.296Z","method":"GET","url":"/api/v1/user/getAllDoctors","userId":"66c0be6381efe6085b0cac08","username":"random","body":{"userId":"66c0be6381efe6085b0cac08"}}
{"timestamp":"2024-08-17T15:19:01.400Z","method":"POST","url":"/api/v1/user/getUserData","userId":"66c0be6381efe6085b0cac08","username":"random","body":{"token":"eyJhbGciOiJIUzI1NiIsInR5cCI6IkpXVCJ9.eyJpZCI6IjY2YzBiZTYzODFlZmU2MDg1YjBjYWMwOCIsImlhdCI6MTcyMzkwNzk0MCwiZXhwIjoxNzIzOTk0MzQwfQ.r8e3dmiPlzZOjG622ay7ZUIYazy0xcmey8Pogh_n63w","userId":"66c0be6381efe6085b0cac08"}}
{"timestamp":"2024-08-17T15:19:01.557Z","method":"POST","url":"/api/v1/user/getUserData","userId":"66c0be6381efe6085b0cac08","username":"random","body":{"token":"eyJhbGciOiJIUzI1NiIsInR5cCI6IkpXVCJ9.eyJpZCI6IjY2YzBiZTYzODFlZmU2MDg1YjBjYWMwOCIsImlhdCI6MTcyMzkwNzk0MCwiZXhwIjoxNzIzOTk0MzQwfQ.r8e3dmiPlzZOjG622ay7ZUIYazy0xcmey8Pogh_n63w","userId":"66c0be6381efe6085b0cac08"}}
{"timestamp":"2024-08-17T15:19:01.702Z","method":"POST","url":"/api/v1/user/getUserData","userId":"66c0be6381efe6085b0cac08","username":"random","body":{"token":"eyJhbGciOiJIUzI1NiIsInR5cCI6IkpXVCJ9.eyJpZCI6IjY2YzBiZTYzODFlZmU2MDg1YjBjYWMwOCIsImlhdCI6MTcyMzkwNzk0MCwiZXhwIjoxNzIzOTk0MzQwfQ.r8e3dmiPlzZOjG622ay7ZUIYazy0xcmey8Pogh_n63w","userId":"66c0be6381efe6085b0cac08"}}
{"timestamp":"2024-08-17T15:19:01.703Z","method":"POST","url":"/api/v1/user/getUserData","userId":"66c0be6381efe6085b0cac08","username":"random","body":{"token":"eyJhbGciOiJIUzI1NiIsInR5cCI6IkpXVCJ9.eyJpZCI6IjY2YzBiZTYzODFlZmU2MDg1YjBjYWMwOCIsImlhdCI6MTcyMzkwNzk0MCwiZXhwIjoxNzIzOTk0MzQwfQ.r8e3dmiPlzZOjG622ay7ZUIYazy0xcmey8Pogh_n63w","userId":"66c0be6381efe6085b0cac08"}}
{"timestamp":"2024-08-17T15:19:01.704Z","method":"POST","url":"/api/v1/user/getUserData","userId":"66c0be6381efe6085b0cac08","username":"random","body":{"token":"eyJhbGciOiJIUzI1NiIsInR5cCI6IkpXVCJ9.eyJpZCI6IjY2YzBiZTYzODFlZmU2MDg1YjBjYWMwOCIsImlhdCI6MTcyMzkwNzk0MCwiZXhwIjoxNzIzOTk0MzQwfQ.r8e3dmiPlzZOjG622ay7ZUIYazy0xcmey8Pogh_n63w","userId":"66c0be6381efe6085b0cac08"}}
{"timestamp":"2024-08-17T15:19:01.705Z","method":"GET","url":"/api/v1/user/getAllDoctors","userId":"66c0be6381efe6085b0cac08","username":"random","body":{"userId":"66c0be6381efe6085b0cac08"}}
{"timestamp":"2024-08-17T15:19:01.719Z","method":"POST","url":"/api/v1/user/getUserData","userId":"66c0be6381efe6085b0cac08","username":"random","body":{"token":"eyJhbGciOiJIUzI1NiIsInR5cCI6IkpXVCJ9.eyJpZCI6IjY2YzBiZTYzODFlZmU2MDg1YjBjYWMwOCIsImlhdCI6MTcyMzkwNzk0MCwiZXhwIjoxNzIzOTk0MzQwfQ.r8e3dmiPlzZOjG622ay7ZUIYazy0xcmey8Pogh_n63w","userId":"66c0be6381efe6085b0cac08"}}
{"timestamp":"2024-08-17T15:19:02.025Z","method":"POST","url":"/api/v1/user/getUserData","userId":"66c0be6381efe6085b0cac08","username":"random","body":{"token":"eyJhbGciOiJIUzI1NiIsInR5cCI6IkpXVCJ9.eyJpZCI6IjY2YzBiZTYzODFlZmU2MDg1YjBjYWMwOCIsImlhdCI6MTcyMzkwNzk0MCwiZXhwIjoxNzIzOTk0MzQwfQ.r8e3dmiPlzZOjG622ay7ZUIYazy0xcmey8Pogh_n63w","userId":"66c0be6381efe6085b0cac08"}}
{"timestamp":"2024-08-17T15:19:02.026Z","method":"GET","url":"/api/v1/user/getAllDoctors","userId":"66c0be6381efe6085b0cac08","username":"random","body":{"userId":"66c0be6381efe6085b0cac08"}}
{"timestamp":"2024-08-17T15:19:02.031Z","method":"GET","url":"/api/v1/user/getAllDoctors","userId":"66c0be6381efe6085b0cac08","username":"random","body":{"userId":"66c0be6381efe6085b0cac08"}}
{"timestamp":"2024-08-17T15:19:02.353Z","method":"GET","url":"/api/v1/user/getAllDoctors","userId":"66c0be6381efe6085b0cac08","username":"random","body":{"userId":"66c0be6381efe6085b0cac08"}}
{"timestamp":"2024-08-17T15:19:03.510Z","method":"GET","url":"/api/v1/doctor/doctor-appointments","userId":"66c0be6381efe6085b0cac08","username":"random","body":{"userId":"66c0be6381efe6085b0cac08"}}
{"timestamp":"2024-08-17T15:19:03.823Z","method":"GET","url":"/api/v1/doctor/doctor-appointments","userId":"66c0be6381efe6085b0cac08","username":"random","body":{"userId":"66c0be6381efe6085b0cac08"}}
{"timestamp":"2024-08-17T15:19:09.770Z","method":"POST","url":"/api/v1/doctor/update-status","userId":"66c0be6381efe6085b0cac08","username":"random","body":{"appointmentsId":"66c0bf5a81efe6085b0cad4c","status":"approved","userId":"66c0be6381efe6085b0cac08"}}
{"timestamp":"2024-08-17T15:19:10.035Z","method":"GET","url":"/api/v1/doctor/doctor-appointments","userId":"66c0be6381efe6085b0cac08","username":"random","body":{"userId":"66c0be6381efe6085b0cac08"}}
{"timestamp":"2024-08-17T15:19:12.461Z","method":"POST","url":"/api/v1/user/get-all-notification","userId":"66c0be6381efe6085b0cac08","username":"random","body":{"userId":"66c0be6381efe6085b0cac08"}}
